DEBUG:root:./logs/log_20200429201025.log
DEBUG:root:['year', 'month', 'day', 'hour', 'minute', 'c_year', 'c_month', 'c_day', 'length_tags']
DEBUG:root:(19720, 9)
DEBUG:root:{'boosting_type': 'gbdt', 'metric': 'rmse', 'objective': 'regression', 'seed': 20, 'learning_rate': 0.01, 'n_jobs': -1, 'verbose': -1}
DEBUG:main:[30]	valid_0's rmse: 3.60403e+07
DEBUG:main:[60]	valid_0's rmse: 3.58641e+07
DEBUG:main:[90]	valid_0's rmse: 3.58197e+07
DEBUG:root:96
DEBUG:root:35816903.93221286
DEBUG:root:{'boosting_type': 'gbdt', 'metric': 'rmse', 'objective': 'regression', 'seed': 20, 'learning_rate': 0.01, 'n_jobs': -1, 'verbose': -1}
DEBUG:main:[30]	valid_0's rmse: 3.36615e+07
DEBUG:main:[60]	valid_0's rmse: 3.35417e+07
DEBUG:main:[90]	valid_0's rmse: 3.34791e+07
DEBUG:main:[120]	valid_0's rmse: 3.34281e+07
DEBUG:main:[150]	valid_0's rmse: 3.33556e+07
DEBUG:main:[180]	valid_0's rmse: 3.33074e+07
DEBUG:root:195
DEBUG:root:33294127.309892382
DEBUG:root:{'boosting_type': 'gbdt', 'metric': 'rmse', 'objective': 'regression', 'seed': 20, 'learning_rate': 0.01, 'n_jobs': -1, 'verbose': -1}
DEBUG:main:[30]	valid_0's rmse: 2.23758e+07
DEBUG:main:[60]	valid_0's rmse: 2.21696e+07
DEBUG:main:[90]	valid_0's rmse: 2.2094e+07
DEBUG:main:[120]	valid_0's rmse: 2.20622e+07
DEBUG:root:122
DEBUG:root:22056508.706670396
DEBUG:root:=====CV Scores=====
DEBUG:root:[35816903.93221286, 33294127.309892382, 22056508.706670396]
DEBUG:root:30389179.982925218
