DEBUG:root:./logs/log_20200506164342.log
DEBUG:root:['year', 'month', 'day', 'hour', 'minute', 'c_year', 'c_month', 'c_day', 'length_tags', 'category_id', 'likes', 'dislikes', 'comment_count', 'comments_disabled', 'ratings_disabled', 'channel_id_enc', 'likes_rate', 'dislikes_rate', 'channel_title_enc', 'likes_dislikes_rate', 'comment_likes_dislikes_ratio', 'likes_comments_disable', 'delta_time', 'description', 'music', 'official', 'cm']
DEBUG:root:(19720, 40)
DEBUG:root:{'boosting_type': 'gbdt', 'metric': 'rmse', 'objective': 'regression', 'seed': 777, 'learning_rate': 0.01, 'n_jobs': -1, 'verbose': -1, 'max_depth': 7, 'reg_alpha': 1, 'reg_lambda': 1, 'num_leaves': 8, 'colsample_bytree': 0.8}
DEBUG:main:[30]	valid_0's rmse: 1.92999
DEBUG:main:[60]	valid_0's rmse: 1.62448
DEBUG:main:[90]	valid_0's rmse: 1.40607
DEBUG:main:[120]	valid_0's rmse: 1.25705
DEBUG:main:[150]	valid_0's rmse: 1.15866
DEBUG:main:[180]	valid_0's rmse: 1.09156
DEBUG:main:[210]	valid_0's rmse: 1.0462
DEBUG:main:[240]	valid_0's rmse: 1.01503
DEBUG:main:[270]	valid_0's rmse: 0.992275
DEBUG:main:[300]	valid_0's rmse: 0.975059
DEBUG:main:[330]	valid_0's rmse: 0.962509
DEBUG:main:[360]	valid_0's rmse: 0.952415
DEBUG:main:[390]	valid_0's rmse: 0.942761
DEBUG:main:[420]	valid_0's rmse: 0.934985
DEBUG:main:[450]	valid_0's rmse: 0.928605
DEBUG:main:[480]	valid_0's rmse: 0.923079
DEBUG:main:[510]	valid_0's rmse: 0.918549
DEBUG:main:[540]	valid_0's rmse: 0.914864
DEBUG:main:[570]	valid_0's rmse: 0.911749
DEBUG:main:[600]	valid_0's rmse: 0.908707
DEBUG:main:[630]	valid_0's rmse: 0.906131
DEBUG:main:[660]	valid_0's rmse: 0.903572
DEBUG:main:[690]	valid_0's rmse: 0.901377
DEBUG:main:[720]	valid_0's rmse: 0.899226
DEBUG:main:[750]	valid_0's rmse: 0.897267
DEBUG:main:[780]	valid_0's rmse: 0.895579
DEBUG:main:[810]	valid_0's rmse: 0.893968
DEBUG:main:[840]	valid_0's rmse: 0.892368
DEBUG:main:[870]	valid_0's rmse: 0.890848
DEBUG:main:[900]	valid_0's rmse: 0.889566
DEBUG:main:[930]	valid_0's rmse: 0.888097
DEBUG:main:[960]	valid_0's rmse: 0.886531
DEBUG:main:[990]	valid_0's rmse: 0.885054
DEBUG:main:[1020]	valid_0's rmse: 0.883874
DEBUG:main:[1050]	valid_0's rmse: 0.882697
DEBUG:main:[1080]	valid_0's rmse: 0.881492
DEBUG:main:[1110]	valid_0's rmse: 0.880261
DEBUG:main:[1140]	valid_0's rmse: 0.879373
DEBUG:main:[1170]	valid_0's rmse: 0.878514
DEBUG:main:[1200]	valid_0's rmse: 0.877702
DEBUG:main:[1230]	valid_0's rmse: 0.876915
DEBUG:main:[1260]	valid_0's rmse: 0.876075
DEBUG:main:[1290]	valid_0's rmse: 0.875476
DEBUG:main:[1320]	valid_0's rmse: 0.874694
DEBUG:main:[1350]	valid_0's rmse: 0.873923
DEBUG:main:[1380]	valid_0's rmse: 0.873322
DEBUG:main:[1410]	valid_0's rmse: 0.87268
DEBUG:main:[1440]	valid_0's rmse: 0.872041
DEBUG:main:[1470]	valid_0's rmse: 0.871493
DEBUG:main:[1500]	valid_0's rmse: 0.870676
DEBUG:main:[1530]	valid_0's rmse: 0.870213
DEBUG:main:[1560]	valid_0's rmse: 0.869515
DEBUG:main:[1590]	valid_0's rmse: 0.868809
DEBUG:main:[1620]	valid_0's rmse: 0.868166
DEBUG:main:[1650]	valid_0's rmse: 0.867506
DEBUG:main:[1680]	valid_0's rmse: 0.867027
DEBUG:main:[1710]	valid_0's rmse: 0.866557
DEBUG:main:[1740]	valid_0's rmse: 0.86586
DEBUG:main:[1770]	valid_0's rmse: 0.865396
DEBUG:main:[1800]	valid_0's rmse: 0.864931
DEBUG:main:[1830]	valid_0's rmse: 0.864523
DEBUG:main:[1860]	valid_0's rmse: 0.864193
DEBUG:main:[1890]	valid_0's rmse: 0.86381
DEBUG:main:[1920]	valid_0's rmse: 0.863397
DEBUG:main:[1950]	valid_0's rmse: 0.862923
DEBUG:main:[1980]	valid_0's rmse: 0.862441
DEBUG:main:[2010]	valid_0's rmse: 0.86193
DEBUG:main:[2040]	valid_0's rmse: 0.86161
DEBUG:main:[2070]	valid_0's rmse: 0.861332
DEBUG:main:[2100]	valid_0's rmse: 0.860985
DEBUG:main:[2130]	valid_0's rmse: 0.860667
DEBUG:main:[2160]	valid_0's rmse: 0.860245
DEBUG:main:[2190]	valid_0's rmse: 0.859801
DEBUG:main:[2220]	valid_0's rmse: 0.859477
DEBUG:main:[2250]	valid_0's rmse: 0.859084
DEBUG:main:[2280]	valid_0's rmse: 0.858803
DEBUG:main:[2310]	valid_0's rmse: 0.858548
DEBUG:main:[2340]	valid_0's rmse: 0.858158
DEBUG:main:[2370]	valid_0's rmse: 0.857962
DEBUG:main:[2400]	valid_0's rmse: 0.857729
DEBUG:main:[2430]	valid_0's rmse: 0.857639
DEBUG:main:[2460]	valid_0's rmse: 0.857445
DEBUG:main:[2490]	valid_0's rmse: 0.857221
DEBUG:main:[2520]	valid_0's rmse: 0.856986
DEBUG:main:[2550]	valid_0's rmse: 0.85678
DEBUG:main:[2580]	valid_0's rmse: 0.856536
DEBUG:main:[2610]	valid_0's rmse: 0.855931
DEBUG:main:[2640]	valid_0's rmse: 0.855625
DEBUG:main:[2670]	valid_0's rmse: 0.85542
DEBUG:main:[2700]	valid_0's rmse: 0.854919
DEBUG:main:[2730]	valid_0's rmse: 0.854571
DEBUG:main:[2760]	valid_0's rmse: 0.854379
DEBUG:main:[2790]	valid_0's rmse: 0.854112
DEBUG:main:[2820]	valid_0's rmse: 0.853974
DEBUG:main:[2850]	valid_0's rmse: 0.853822
DEBUG:main:[2880]	valid_0's rmse: 0.853651
DEBUG:main:[2910]	valid_0's rmse: 0.853519
DEBUG:main:[2940]	valid_0's rmse: 0.85332
DEBUG:main:[2970]	valid_0's rmse: 0.85317
DEBUG:main:[3000]	valid_0's rmse: 0.85301
DEBUG:root:3009
DEBUG:root:0.8528849285229321
DEBUG:root:                  features  importance
29                   delta        1910
9               categoryId        1817
10                   likes        1726
22        channelTitle_enc        1677
19           channelId_enc        1391
13                dislikes        1011
32         len_description        1006
20               like_rate         982
24     comments_like_ratio         885
3                     hour         772
8              length_tags         762
23     likes_dislike_ratio         707
4                   minute         692
16           comment_count         660
25  comments_dislike_ratio         498
31                has_http         452
18        ratings_disabled         450
2                      day         446
11                  likes2         414
30               log_delta         401
21            dislike_rate         363
28          comments_likes         306
17       comments_disabled         254
7                    c_day         246
1                    month         202
14               dislikes2         197
0                     year         180
6                  c_month         133
37                cm_title         104
36             official_ja          93
38                 cm_tags          60
39          cm_description          59
15             logdislikes          50
12                loglikes          46
34              music_tabs          35
27            dislikes_com          33
33             music_title          23
26               likes_com          20
5                   c_year           0
35          official_title           0
DEBUG:root:{'boosting_type': 'gbdt', 'metric': 'rmse', 'objective': 'regression', 'seed': 777, 'learning_rate': 0.01, 'n_jobs': -1, 'verbose': -1, 'max_depth': 7, 'reg_alpha': 1, 'reg_lambda': 1, 'num_leaves': 8, 'colsample_bytree': 0.8}
DEBUG:main:[30]	valid_0's rmse: 0.159129
DEBUG:main:[60]	valid_0's rmse: 0.135649
DEBUG:main:[90]	valid_0's rmse: 0.118935
DEBUG:main:[120]	valid_0's rmse: 0.107693
DEBUG:main:[150]	valid_0's rmse: 0.10047
DEBUG:main:[180]	valid_0's rmse: 0.0957895
DEBUG:main:[210]	valid_0's rmse: 0.0925167
DEBUG:main:[240]	valid_0's rmse: 0.0902445
DEBUG:main:[270]	valid_0's rmse: 0.088616
DEBUG:main:[300]	valid_0's rmse: 0.0872424
DEBUG:main:[330]	valid_0's rmse: 0.0862038
DEBUG:main:[360]	valid_0's rmse: 0.0853698
DEBUG:main:[390]	valid_0's rmse: 0.0847084
DEBUG:main:[420]	valid_0's rmse: 0.0841306
DEBUG:main:[450]	valid_0's rmse: 0.0836372
DEBUG:main:[480]	valid_0's rmse: 0.0832165
DEBUG:main:[510]	valid_0's rmse: 0.0828574
DEBUG:main:[540]	valid_0's rmse: 0.0825473
DEBUG:main:[570]	valid_0's rmse: 0.0822292
DEBUG:main:[600]	valid_0's rmse: 0.0819293
DEBUG:main:[630]	valid_0's rmse: 0.0816519
DEBUG:main:[660]	valid_0's rmse: 0.0814137
DEBUG:main:[690]	valid_0's rmse: 0.0812013
DEBUG:main:[720]	valid_0's rmse: 0.0810078
DEBUG:main:[750]	valid_0's rmse: 0.0808024
DEBUG:main:[780]	valid_0's rmse: 0.0806484
DEBUG:main:[810]	valid_0's rmse: 0.080508
DEBUG:main:[840]	valid_0's rmse: 0.0803814
DEBUG:main:[870]	valid_0's rmse: 0.0802207
DEBUG:main:[900]	valid_0's rmse: 0.0801068
DEBUG:main:[930]	valid_0's rmse: 0.079963
DEBUG:main:[960]	valid_0's rmse: 0.0798577
DEBUG:main:[990]	valid_0's rmse: 0.0797579
DEBUG:main:[1020]	valid_0's rmse: 0.0796707
DEBUG:main:[1050]	valid_0's rmse: 0.0795609
DEBUG:main:[1080]	valid_0's rmse: 0.07947
DEBUG:main:[1110]	valid_0's rmse: 0.0793828
DEBUG:main:[1140]	valid_0's rmse: 0.0793051
DEBUG:main:[1170]	valid_0's rmse: 0.079211
DEBUG:main:[1200]	valid_0's rmse: 0.0791262
DEBUG:main:[1230]	valid_0's rmse: 0.0790418
DEBUG:main:[1260]	valid_0's rmse: 0.0789827
DEBUG:main:[1290]	valid_0's rmse: 0.0789306
DEBUG:main:[1320]	valid_0's rmse: 0.0788412
DEBUG:main:[1350]	valid_0's rmse: 0.0787805
DEBUG:main:[1380]	valid_0's rmse: 0.078699
DEBUG:main:[1410]	valid_0's rmse: 0.0786081
DEBUG:main:[1440]	valid_0's rmse: 0.07854
DEBUG:main:[1470]	valid_0's rmse: 0.0784819
DEBUG:main:[1500]	valid_0's rmse: 0.0784403
DEBUG:main:[1530]	valid_0's rmse: 0.0783762
DEBUG:main:[1560]	valid_0's rmse: 0.0783231
DEBUG:main:[1590]	valid_0's rmse: 0.0782746
DEBUG:main:[1620]	valid_0's rmse: 0.0782273
DEBUG:main:[1650]	valid_0's rmse: 0.0781851
DEBUG:main:[1680]	valid_0's rmse: 0.0781504
DEBUG:main:[1710]	valid_0's rmse: 0.0781116
DEBUG:main:[1740]	valid_0's rmse: 0.0780619
DEBUG:main:[1770]	valid_0's rmse: 0.0780292
DEBUG:main:[1800]	valid_0's rmse: 0.0779838
DEBUG:main:[1830]	valid_0's rmse: 0.0779268
DEBUG:main:[1860]	valid_0's rmse: 0.0778829
DEBUG:main:[1890]	valid_0's rmse: 0.0778435
DEBUG:main:[1920]	valid_0's rmse: 0.0778205
DEBUG:main:[1950]	valid_0's rmse: 0.077784
DEBUG:main:[1980]	valid_0's rmse: 0.0777441
DEBUG:main:[2010]	valid_0's rmse: 0.0777014
DEBUG:main:[2040]	valid_0's rmse: 0.0776677
DEBUG:main:[2070]	valid_0's rmse: 0.0776251
DEBUG:main:[2100]	valid_0's rmse: 0.0775832
DEBUG:main:[2130]	valid_0's rmse: 0.0775453
DEBUG:main:[2160]	valid_0's rmse: 0.0775121
DEBUG:main:[2190]	valid_0's rmse: 0.0774773
DEBUG:main:[2220]	valid_0's rmse: 0.0774409
DEBUG:main:[2250]	valid_0's rmse: 0.0774098
DEBUG:main:[2280]	valid_0's rmse: 0.0773753
DEBUG:main:[2310]	valid_0's rmse: 0.0773457
DEBUG:main:[2340]	valid_0's rmse: 0.0773188
DEBUG:main:[2370]	valid_0's rmse: 0.0772839
DEBUG:main:[2400]	valid_0's rmse: 0.0772512
DEBUG:main:[2430]	valid_0's rmse: 0.0772223
DEBUG:main:[2460]	valid_0's rmse: 0.0771908
DEBUG:main:[2490]	valid_0's rmse: 0.0771629
DEBUG:main:[2520]	valid_0's rmse: 0.0771314
DEBUG:main:[2550]	valid_0's rmse: 0.0771037
DEBUG:root:2566
DEBUG:root:0.07707719184025182
DEBUG:root:                  features  importance
10                   likes        1961
29                   delta        1683
9               categoryId        1675
22        channelTitle_enc        1414
13                dislikes         962
32         len_description         961
19           channelId_enc         925
23     likes_dislike_ratio         657
24     comments_like_ratio         640
20               like_rate         627
4                   minute         570
3                     hour         558
8              length_tags         520
11                  likes2         442
1                    month         438
18        ratings_disabled         361
2                      day         359
16           comment_count         354
30               log_delta         338
31                has_http         335
21            dislike_rate         306
7                    c_day         289
25  comments_dislike_ratio         235
28          comments_likes         212
17       comments_disabled         197
14               dislikes2         178
38                 cm_tags         123
6                  c_month         112
0                     year          86
39          cm_description          84
12                loglikes          76
36             official_ja          71
33             music_title          61
37                cm_title          52
15             logdislikes          48
34              music_tabs          38
26               likes_com          14
27            dislikes_com           0
35          official_title           0
5                   c_year           0
DEBUG:root:=====CV Scores=====
DEBUG:root:[0.8528849285229321, 0.07707719184025182]
DEBUG:root:0.46498106018159197
