DEBUG:root:./logs/log_20200502144522.log
DEBUG:root:['year', 'month', 'day', 'hour', 'minute', 'c_year', 'c_month', 'c_day', 'length_tags', 'category_id', 'likes', 'dislikes', 'comment_count', 'comments_disabled', 'ratings_disabled']
DEBUG:root:(19720, 15)
DEBUG:root:{'boosting_type': 'gbdt', 'metric': 'rmse', 'objective': 'regression', 'seed': 777, 'learning_rate': 0.01, 'n_jobs': -1, 'verbose': -1}
DEBUG:main:[30]	valid_0's rmse: 1.88003
DEBUG:main:[60]	valid_0's rmse: 1.54465
DEBUG:main:[90]	valid_0's rmse: 1.31865
DEBUG:main:[120]	valid_0's rmse: 1.17047
DEBUG:main:[150]	valid_0's rmse: 1.07441
DEBUG:main:[180]	valid_0's rmse: 1.01222
DEBUG:main:[210]	valid_0's rmse: 0.971593
DEBUG:main:[240]	valid_0's rmse: 0.945351
DEBUG:main:[270]	valid_0's rmse: 0.927669
DEBUG:main:[300]	valid_0's rmse: 0.915829
DEBUG:main:[330]	valid_0's rmse: 0.908143
DEBUG:main:[360]	valid_0's rmse: 0.902353
DEBUG:main:[390]	valid_0's rmse: 0.897953
DEBUG:main:[420]	valid_0's rmse: 0.894653
DEBUG:main:[450]	valid_0's rmse: 0.892829
DEBUG:main:[480]	valid_0's rmse: 0.891067
DEBUG:main:[510]	valid_0's rmse: 0.889512
DEBUG:main:[540]	valid_0's rmse: 0.888287
DEBUG:main:[570]	valid_0's rmse: 0.886549
DEBUG:main:[600]	valid_0's rmse: 0.885589
DEBUG:main:[630]	valid_0's rmse: 0.884687
DEBUG:main:[660]	valid_0's rmse: 0.883647
DEBUG:main:[690]	valid_0's rmse: 0.883035
DEBUG:main:[720]	valid_0's rmse: 0.882357
DEBUG:main:[750]	valid_0's rmse: 0.881791
DEBUG:main:[780]	valid_0's rmse: 0.881307
DEBUG:main:[810]	valid_0's rmse: 0.881014
DEBUG:main:[840]	valid_0's rmse: 0.880549
DEBUG:main:[870]	valid_0's rmse: 0.880153
DEBUG:main:[900]	valid_0's rmse: 0.879804
DEBUG:main:[930]	valid_0's rmse: 0.87949
DEBUG:main:[960]	valid_0's rmse: 0.879074
DEBUG:main:[990]	valid_0's rmse: 0.878644
DEBUG:main:[1020]	valid_0's rmse: 0.878393
DEBUG:root:1016
DEBUG:root:0.8783636731064771
DEBUG:root:{'boosting_type': 'gbdt', 'metric': 'rmse', 'objective': 'regression', 'seed': 777, 'learning_rate': 0.01, 'n_jobs': -1, 'verbose': -1}
DEBUG:main:[30]	valid_0's rmse: 0.150243
DEBUG:main:[60]	valid_0's rmse: 0.124159
DEBUG:main:[90]	valid_0's rmse: 0.10695
DEBUG:main:[120]	valid_0's rmse: 0.095747
DEBUG:main:[150]	valid_0's rmse: 0.0887604
DEBUG:main:[180]	valid_0's rmse: 0.0844872
DEBUG:main:[210]	valid_0's rmse: 0.0818702
DEBUG:main:[240]	valid_0's rmse: 0.0801971
DEBUG:main:[270]	valid_0's rmse: 0.0791238
DEBUG:main:[300]	valid_0's rmse: 0.0784968
DEBUG:main:[330]	valid_0's rmse: 0.0780621
DEBUG:main:[360]	valid_0's rmse: 0.0776397
DEBUG:main:[390]	valid_0's rmse: 0.0773656
DEBUG:main:[420]	valid_0's rmse: 0.0771915
DEBUG:main:[450]	valid_0's rmse: 0.0770061
DEBUG:main:[480]	valid_0's rmse: 0.0768601
DEBUG:main:[510]	valid_0's rmse: 0.0767603
DEBUG:main:[540]	valid_0's rmse: 0.0766373
DEBUG:root:546
DEBUG:root:0.07662472566543596
DEBUG:root:{'boosting_type': 'gbdt', 'metric': 'rmse', 'objective': 'regression', 'seed': 777, 'learning_rate': 0.01, 'n_jobs': -1, 'verbose': -1}
DEBUG:main:[30]	valid_0's rmse: 0.0427735
DEBUG:main:[60]	valid_0's rmse: 0.0350988
DEBUG:main:[90]	valid_0's rmse: 0.0300389
DEBUG:main:[120]	valid_0's rmse: 0.0267776
DEBUG:main:[150]	valid_0's rmse: 0.0246646
DEBUG:main:[180]	valid_0's rmse: 0.0233634
DEBUG:main:[210]	valid_0's rmse: 0.0225436
DEBUG:main:[240]	valid_0's rmse: 0.0220095
DEBUG:main:[270]	valid_0's rmse: 0.0216829
DEBUG:main:[300]	valid_0's rmse: 0.021466
DEBUG:main:[330]	valid_0's rmse: 0.021322
DEBUG:main:[360]	valid_0's rmse: 0.021189
DEBUG:main:[390]	valid_0's rmse: 0.0210828
DEBUG:main:[420]	valid_0's rmse: 0.0210065
DEBUG:main:[450]	valid_0's rmse: 0.0209399
DEBUG:main:[480]	valid_0's rmse: 0.020871
DEBUG:main:[510]	valid_0's rmse: 0.0208326
DEBUG:main:[540]	valid_0's rmse: 0.0207835
DEBUG:main:[570]	valid_0's rmse: 0.0207515
DEBUG:main:[600]	valid_0's rmse: 0.0207406
DEBUG:root:596
DEBUG:root:0.020739669761688694
DEBUG:root:{'boosting_type': 'gbdt', 'metric': 'rmse', 'objective': 'regression', 'seed': 777, 'learning_rate': 0.01, 'n_jobs': -1, 'verbose': -1}
DEBUG:main:[30]	valid_0's rmse: 0.0209305
DEBUG:main:[60]	valid_0's rmse: 0.0175761
DEBUG:main:[90]	valid_0's rmse: 0.0153392
DEBUG:main:[120]	valid_0's rmse: 0.0139385
DEBUG:main:[150]	valid_0's rmse: 0.0130184
DEBUG:main:[180]	valid_0's rmse: 0.0124369
DEBUG:main:[210]	valid_0's rmse: 0.0119837
DEBUG:main:[240]	valid_0's rmse: 0.0116734
DEBUG:main:[270]	valid_0's rmse: 0.0114909
DEBUG:main:[300]	valid_0's rmse: 0.0113908
DEBUG:main:[330]	valid_0's rmse: 0.0113296
DEBUG:main:[360]	valid_0's rmse: 0.0112863
DEBUG:main:[390]	valid_0's rmse: 0.0112455
DEBUG:main:[420]	valid_0's rmse: 0.0112094
DEBUG:main:[450]	valid_0's rmse: 0.0111862
DEBUG:main:[480]	valid_0's rmse: 0.0111688
DEBUG:main:[510]	valid_0's rmse: 0.0111542
DEBUG:main:[540]	valid_0's rmse: 0.0111392
DEBUG:main:[570]	valid_0's rmse: 0.0111263
DEBUG:main:[600]	valid_0's rmse: 0.0111093
DEBUG:root:599
DEBUG:root:0.011108790891837033
DEBUG:root:{'boosting_type': 'gbdt', 'metric': 'rmse', 'objective': 'regression', 'seed': 777, 'learning_rate': 0.01, 'n_jobs': -1, 'verbose': -1}
DEBUG:main:[30]	valid_0's rmse: 0.0126557
DEBUG:main:[60]	valid_0's rmse: 0.0109003
DEBUG:main:[90]	valid_0's rmse: 0.00975774
DEBUG:main:[120]	valid_0's rmse: 0.00902326
DEBUG:main:[150]	valid_0's rmse: 0.00856655
DEBUG:main:[180]	valid_0's rmse: 0.00827971
DEBUG:main:[210]	valid_0's rmse: 0.00808615
DEBUG:main:[240]	valid_0's rmse: 0.0079555
DEBUG:main:[270]	valid_0's rmse: 0.00781702
DEBUG:main:[300]	valid_0's rmse: 0.00767625
DEBUG:main:[330]	valid_0's rmse: 0.0075819
DEBUG:main:[360]	valid_0's rmse: 0.0075071
DEBUG:main:[390]	valid_0's rmse: 0.00745796
DEBUG:main:[420]	valid_0's rmse: 0.00741695
DEBUG:main:[450]	valid_0's rmse: 0.00738628
DEBUG:main:[480]	valid_0's rmse: 0.0073632
DEBUG:main:[510]	valid_0's rmse: 0.00734847
DEBUG:root:514
DEBUG:root:0.007346976065891332
DEBUG:root:=====CV Scores=====
DEBUG:root:[0.8783636731064771, 0.07662472566543596, 0.020739669761688694, 0.011108790891837033, 0.007346976065891332]
DEBUG:root:0.19883676709826603
