DEBUG:root:./logs/log_20200429205549.log
DEBUG:root:['year', 'month', 'day', 'hour', 'minute', 'c_year', 'c_month', 'c_day', 'length_tags', 'category_id', 'likes', 'dislikes', 'comment_count', 'comments_disabled', 'ratings_disabled']
DEBUG:root:(19720, 15)
DEBUG:root:{'boosting_type': 'gbdt', 'metric': 'rmse', 'objective': 'regression', 'seed': 20, 'learning_rate': 0.01, 'n_jobs': -1, 'verbose': -1}
DEBUG:main:[30]	valid_0's rmse: 1.87085
DEBUG:main:[60]	valid_0's rmse: 1.53494
DEBUG:main:[90]	valid_0's rmse: 1.30901
DEBUG:main:[120]	valid_0's rmse: 1.16105
DEBUG:main:[150]	valid_0's rmse: 1.06609
DEBUG:main:[180]	valid_0's rmse: 1.00597
DEBUG:main:[210]	valid_0's rmse: 0.966864
DEBUG:main:[240]	valid_0's rmse: 0.941346
DEBUG:main:[270]	valid_0's rmse: 0.92455
DEBUG:main:[300]	valid_0's rmse: 0.912231
DEBUG:main:[330]	valid_0's rmse: 0.90364
DEBUG:main:[360]	valid_0's rmse: 0.897855
DEBUG:main:[390]	valid_0's rmse: 0.893706
DEBUG:main:[420]	valid_0's rmse: 0.890714
DEBUG:main:[450]	valid_0's rmse: 0.88816
DEBUG:main:[480]	valid_0's rmse: 0.886357
DEBUG:main:[510]	valid_0's rmse: 0.884555
DEBUG:main:[540]	valid_0's rmse: 0.882699
DEBUG:main:[570]	valid_0's rmse: 0.882064
DEBUG:main:[600]	valid_0's rmse: 0.881188
DEBUG:main:[630]	valid_0's rmse: 0.88053
DEBUG:main:[660]	valid_0's rmse: 0.880217
DEBUG:main:[690]	valid_0's rmse: 0.879855
DEBUG:main:[720]	valid_0's rmse: 0.879437
DEBUG:main:[750]	valid_0's rmse: 0.879028
DEBUG:main:[780]	valid_0's rmse: 0.878592
DEBUG:main:[810]	valid_0's rmse: 0.878254
DEBUG:main:[840]	valid_0's rmse: 0.877842
DEBUG:main:[870]	valid_0's rmse: 0.877491
DEBUG:main:[900]	valid_0's rmse: 0.876852
DEBUG:main:[930]	valid_0's rmse: 0.876632
DEBUG:root:923
DEBUG:root:0.8765815496410685
DEBUG:root:{'boosting_type': 'gbdt', 'metric': 'rmse', 'objective': 'regression', 'seed': 20, 'learning_rate': 0.01, 'n_jobs': -1, 'verbose': -1}
DEBUG:main:[30]	valid_0's rmse: 0.150334
DEBUG:main:[60]	valid_0's rmse: 0.123239
DEBUG:main:[90]	valid_0's rmse: 0.105285
DEBUG:main:[120]	valid_0's rmse: 0.0935087
DEBUG:main:[150]	valid_0's rmse: 0.0860951
DEBUG:main:[180]	valid_0's rmse: 0.081485
DEBUG:main:[210]	valid_0's rmse: 0.0787144
DEBUG:main:[240]	valid_0's rmse: 0.0769589
DEBUG:main:[270]	valid_0's rmse: 0.0757357
DEBUG:main:[300]	valid_0's rmse: 0.074857
DEBUG:main:[330]	valid_0's rmse: 0.0742201
DEBUG:main:[360]	valid_0's rmse: 0.0737779
DEBUG:main:[390]	valid_0's rmse: 0.0733928
DEBUG:main:[420]	valid_0's rmse: 0.0731165
DEBUG:main:[450]	valid_0's rmse: 0.0729556
DEBUG:main:[480]	valid_0's rmse: 0.0728366
DEBUG:main:[510]	valid_0's rmse: 0.0727544
DEBUG:main:[540]	valid_0's rmse: 0.0726904
DEBUG:main:[570]	valid_0's rmse: 0.0726475
DEBUG:root:583
DEBUG:root:0.07262999273010272
DEBUG:root:{'boosting_type': 'gbdt', 'metric': 'rmse', 'objective': 'regression', 'seed': 20, 'learning_rate': 0.01, 'n_jobs': -1, 'verbose': -1}
DEBUG:main:[30]	valid_0's rmse: 0.0475986
DEBUG:main:[60]	valid_0's rmse: 0.040241
DEBUG:main:[90]	valid_0's rmse: 0.0353841
DEBUG:main:[120]	valid_0's rmse: 0.032209
DEBUG:main:[150]	valid_0's rmse: 0.0301949
DEBUG:main:[180]	valid_0's rmse: 0.0289301
DEBUG:main:[210]	valid_0's rmse: 0.0280957
DEBUG:main:[240]	valid_0's rmse: 0.0275526
DEBUG:main:[270]	valid_0's rmse: 0.0271578
DEBUG:main:[300]	valid_0's rmse: 0.0268657
DEBUG:main:[330]	valid_0's rmse: 0.0266642
DEBUG:main:[360]	valid_0's rmse: 0.0264812
DEBUG:main:[390]	valid_0's rmse: 0.0263639
DEBUG:main:[420]	valid_0's rmse: 0.0262804
DEBUG:main:[450]	valid_0's rmse: 0.0262296
DEBUG:main:[480]	valid_0's rmse: 0.0261811
DEBUG:main:[510]	valid_0's rmse: 0.0261544
DEBUG:main:[540]	valid_0's rmse: 0.0261289
DEBUG:main:[570]	valid_0's rmse: 0.026081
DEBUG:main:[600]	valid_0's rmse: 0.0260399
DEBUG:main:[630]	valid_0's rmse: 0.0259949
DEBUG:main:[660]	valid_0's rmse: 0.025961
DEBUG:main:[690]	valid_0's rmse: 0.0259328
DEBUG:main:[720]	valid_0's rmse: 0.0259125
DEBUG:main:[750]	valid_0's rmse: 0.0259009
DEBUG:main:[780]	valid_0's rmse: 0.0258891
DEBUG:main:[810]	valid_0's rmse: 0.0258786
DEBUG:main:[840]	valid_0's rmse: 0.0258706
DEBUG:root:855
DEBUG:root:0.025863561856306724
DEBUG:root:=====CV Scores=====
DEBUG:root:[0.8765815496410685, 0.07262999273010272, 0.025863561856306724]
DEBUG:root:0.3250250347424926
