DEBUG:root:./logs/log_20200503102349.log
DEBUG:root:['year', 'month', 'day', 'hour', 'minute', 'c_year', 'c_month', 'c_day', 'length_tags', 'category_id', 'likes', 'dislikes', 'comment_count', 'comments_disabled', 'ratings_disabled', 'channel_id_enc']
DEBUG:root:(19720, 16)
DEBUG:root:{'boosting_type': 'gbdt', 'metric': 'rmse', 'objective': 'regression', 'seed': 777, 'learning_rate': 0.01, 'n_jobs': -1, 'verbose': -1}
DEBUG:main:[30]	valid_0's rmse: 1.87633
DEBUG:main:[60]	valid_0's rmse: 1.53338
DEBUG:main:[90]	valid_0's rmse: 1.30145
DEBUG:main:[120]	valid_0's rmse: 1.14913
DEBUG:main:[150]	valid_0's rmse: 1.05177
DEBUG:main:[180]	valid_0's rmse: 0.991072
DEBUG:main:[210]	valid_0's rmse: 0.95384
DEBUG:main:[240]	valid_0's rmse: 0.930091
DEBUG:main:[270]	valid_0's rmse: 0.913475
DEBUG:main:[300]	valid_0's rmse: 0.902528
DEBUG:main:[330]	valid_0's rmse: 0.89447
DEBUG:main:[360]	valid_0's rmse: 0.888682
DEBUG:main:[390]	valid_0's rmse: 0.884118
DEBUG:main:[420]	valid_0's rmse: 0.880493
DEBUG:main:[450]	valid_0's rmse: 0.878012
DEBUG:main:[480]	valid_0's rmse: 0.876181
DEBUG:main:[510]	valid_0's rmse: 0.874633
DEBUG:main:[540]	valid_0's rmse: 0.873633
DEBUG:main:[570]	valid_0's rmse: 0.872698
DEBUG:main:[600]	valid_0's rmse: 0.87206
DEBUG:main:[630]	valid_0's rmse: 0.871433
DEBUG:main:[660]	valid_0's rmse: 0.870765
DEBUG:main:[690]	valid_0's rmse: 0.870113
DEBUG:main:[720]	valid_0's rmse: 0.869536
DEBUG:main:[750]	valid_0's rmse: 0.869123
DEBUG:main:[780]	valid_0's rmse: 0.868749
DEBUG:main:[810]	valid_0's rmse: 0.868372
DEBUG:main:[840]	valid_0's rmse: 0.867761
DEBUG:main:[870]	valid_0's rmse: 0.867246
DEBUG:main:[900]	valid_0's rmse: 0.86669
DEBUG:main:[930]	valid_0's rmse: 0.866237
DEBUG:main:[960]	valid_0's rmse: 0.865982
DEBUG:main:[990]	valid_0's rmse: 0.865583
DEBUG:main:[1020]	valid_0's rmse: 0.86515
DEBUG:main:[1050]	valid_0's rmse: 0.864796
DEBUG:main:[1080]	valid_0's rmse: 0.864478
DEBUG:main:[1110]	valid_0's rmse: 0.864316
DEBUG:main:[1140]	valid_0's rmse: 0.864173
DEBUG:root:1145
DEBUG:root:0.8641572294790013
DEBUG:root:{'boosting_type': 'gbdt', 'metric': 'rmse', 'objective': 'regression', 'seed': 777, 'learning_rate': 0.01, 'n_jobs': -1, 'verbose': -1}
DEBUG:main:[30]	valid_0's rmse: 0.154805
DEBUG:main:[60]	valid_0's rmse: 0.128524
DEBUG:main:[90]	valid_0's rmse: 0.111076
DEBUG:main:[120]	valid_0's rmse: 0.0997516
DEBUG:main:[150]	valid_0's rmse: 0.0925866
DEBUG:main:[180]	valid_0's rmse: 0.088088
DEBUG:main:[210]	valid_0's rmse: 0.0852667
DEBUG:main:[240]	valid_0's rmse: 0.0834851
DEBUG:main:[270]	valid_0's rmse: 0.0821954
DEBUG:main:[300]	valid_0's rmse: 0.0812615
DEBUG:main:[330]	valid_0's rmse: 0.0805608
DEBUG:main:[360]	valid_0's rmse: 0.0800247
DEBUG:main:[390]	valid_0's rmse: 0.0796471
DEBUG:main:[420]	valid_0's rmse: 0.07932
DEBUG:main:[450]	valid_0's rmse: 0.0790794
DEBUG:main:[480]	valid_0's rmse: 0.0788955
DEBUG:main:[510]	valid_0's rmse: 0.0787685
DEBUG:main:[540]	valid_0's rmse: 0.0787058
DEBUG:main:[570]	valid_0's rmse: 0.0786392
DEBUG:main:[600]	valid_0's rmse: 0.0785517
DEBUG:main:[630]	valid_0's rmse: 0.0784864
DEBUG:main:[660]	valid_0's rmse: 0.0784446
DEBUG:main:[690]	valid_0's rmse: 0.0783891
DEBUG:main:[720]	valid_0's rmse: 0.0783499
DEBUG:main:[750]	valid_0's rmse: 0.0783054
DEBUG:main:[780]	valid_0's rmse: 0.0782516
DEBUG:main:[810]	valid_0's rmse: 0.0782136
DEBUG:main:[840]	valid_0's rmse: 0.0781742
DEBUG:main:[870]	valid_0's rmse: 0.0781564
DEBUG:main:[900]	valid_0's rmse: 0.0781366
DEBUG:main:[930]	valid_0's rmse: 0.0781101
DEBUG:main:[960]	valid_0's rmse: 0.0780687
DEBUG:main:[990]	valid_0's rmse: 0.0780236
DEBUG:root:1006
DEBUG:root:0.07800558131143762
DEBUG:root:=====CV Scores=====
DEBUG:root:[0.8641572294790013, 0.07800558131143762]
DEBUG:root:0.4710814053952195
